<?xml version="1.0" encoding="UTF-8"?>
<!-- Generated by org.testng.reporters.JUnitReportReporter -->
<testsuite hostname="ChristyC" failures="0" tests="1" name="test.LoginTest" time="4.808" errors="0" timestamp="2023-06-21T20:00:03 CDT" skipped="0">
  <testcase classname="test.LoginTest" name="userShouldBeAbleToLogin" time="4.808"/>
</testsuite> <!-- test.LoginTest -->
