<?xml version="1.0" encoding="UTF-8"?>
<!-- Generated by org.testng.reporters.JUnitReportReporter -->
<testsuite hostname="ChristyC" failures="0" tests="1" name="test.AddCustomerTest" time="15.797" errors="0" timestamp="2023-06-22T12:53:56 CDT" skipped="0">
  <testcase classname="test.AddCustomerTest" name="userShouldBeAbleAddCustomer" time="15.797"/>
</testsuite> <!-- test.AddCustomerTest -->
