<?xml version="1.0" encoding="UTF-8"?>
<!-- Generated by org.testng.reporters.JUnitReportReporter -->
<testsuite hostname="ChristyC" failures="0" tests="1" name="util.BrowserFactory" time="3.556" errors="0" timestamp="21 Jun 2023 15:44:47 GMT" skipped="0">
  <testcase classname="util.BrowserFactory" name="init" time="3.556"/>
</testsuite> <!-- util.BrowserFactory -->
